<?xml version="1.0" encoding="UTF-8"?>
<testsuite name="TestStringAndMapBuilders" tests="1" skipped="0" failures="0" errors="0" timestamp="2021-02-12T05:47:51" hostname="Orlovs-Air" time="0.018">
  <properties/>
  <testcase name="testBuildMap" classname="TestStringAndMapBuilders" time="0.018"/>
  <system-out><![CDATA[]]></system-out>
  <system-err><![CDATA[]]></system-err>
</testsuite>
