<?xml version="1.0" encoding="UTF-8"?>
<testsuite name="TestLazyProperty" tests="2" skipped="0" failures="0" errors="0" timestamp="2021-02-12T04:03:19" hostname="Orlovs-Air" time="0.016">
  <properties/>
  <testcase name="testLazy" classname="TestLazyProperty" time="0.014"/>
  <testcase name="initializedOnce" classname="TestLazyProperty" time="0.002"/>
  <system-out><![CDATA[]]></system-out>
  <system-err><![CDATA[]]></system-err>
</testsuite>
