<?xml version="1.0" encoding="UTF-8"?>
<testsuite name="TestDelegatesExamples" tests="2" skipped="0" failures="0" errors="0" timestamp="2021-02-12T05:27:02" hostname="Orlovs-Air" time="0.039">
  <properties/>
  <testcase name="testLazy" classname="TestDelegatesExamples" time="0.036"/>
  <testcase name="initializedOnce" classname="TestDelegatesExamples" time="0.002"/>
  <system-out><![CDATA[]]></system-out>
  <system-err><![CDATA[]]></system-err>
</testsuite>
