<?xml version="1.0" encoding="UTF-8"?>
<testsuite name="TestAssociate" tests="3" skipped="0" failures="0" errors="0" timestamp="2021-02-09T04:02:40" hostname="Orlovs-Air" time="0.071">
  <properties/>
  <testcase name="testAssociate" classname="TestAssociate" time="0.059"/>
  <testcase name="testAssociateBy" classname="TestAssociate" time="0.002"/>
  <testcase name="testAssociateWith" classname="TestAssociate" time="0.007"/>
  <system-out><![CDATA[]]></system-out>
  <system-err><![CDATA[]]></system-err>
</testsuite>
