<?xml version="1.0" encoding="UTF-8"?>
<testsuite name="TestStart" tests="1" skipped="0" failures="0" errors="0" timestamp="2021-01-13T02:20:02" hostname="Orlovs-Air" time="0.012">
  <properties/>
  <testcase name="testOk" classname="TestStart" time="0.012"/>
  <system-out><![CDATA[]]></system-out>
  <system-err><![CDATA[]]></system-err>
</testsuite>
