<?xml version="1.0" encoding="UTF-8"?>
<testsuite name="TestTheFunctionWith" tests="2" skipped="0" failures="0" errors="0" timestamp="2021-02-12T05:54:32" hostname="Orlovs-Air" time="0.018">
  <properties/>
  <testcase name="testCreateString" classname="TestTheFunctionWith" time="0.012"/>
  <testcase name="testCreateMap" classname="TestTheFunctionWith" time="0.005"/>
  <system-out><![CDATA[]]></system-out>
  <system-err><![CDATA[]]></system-err>
</testsuite>
