<?xml version="1.0" encoding="UTF-8"?>
<testsuite name="TestStringTemplates" tests="3" skipped="0" failures="0" errors="0" timestamp="2021-01-13T02:50:47" hostname="Orlovs-Air" time="0.02">
  <properties/>
  <testcase name="match1" classname="TestStringTemplates" time="0.016"/>
  <testcase name="match" classname="TestStringTemplates" time="0.001"/>
  <testcase name="doNotMatch" classname="TestStringTemplates" time="0.001"/>
  <system-out><![CDATA[]]></system-out>
  <system-err><![CDATA[]]></system-err>
</testsuite>
