<?xml version="1.0" encoding="UTF-8"?>
<testsuite name="TestExtensionFunctions" tests="2" skipped="0" failures="0" errors="0" timestamp="2021-01-14T08:03:28" hostname="Orlovs-Air" time="0.013">
  <properties/>
  <testcase name="testPairExtension" classname="TestExtensionFunctions" time="0.012"/>
  <testcase name="testIntExtension" classname="TestExtensionFunctions" time="0.001"/>
  <system-out><![CDATA[]]></system-out>
  <system-err><![CDATA[]]></system-err>
</testsuite>
