<?xml version="1.0" encoding="UTF-8"?>
<testsuite name="TestNamedArguments" tests="1" skipped="0" failures="0" errors="0" timestamp="2021-01-13T02:24:36" hostname="Orlovs-Air" time="0.067">
  <properties/>
  <testcase name="testJoinToString" classname="TestNamedArguments" time="0.067"/>
  <system-out><![CDATA[]]></system-out>
  <system-err><![CDATA[]]></system-err>
</testsuite>
