<?xml version="1.0" encoding="UTF-8"?>
<testsuite name="Test" tests="1" skipped="0" failures="0" errors="0" timestamp="2021-01-14T07:57:28" hostname="Orlovs-Air" time="0.063">
  <properties/>
  <testcase name="testRandom" classname="Test" time="0.063"/>
  <system-out><![CDATA[]]></system-out>
  <system-err><![CDATA[]]></system-err>
</testsuite>
