<?xml version="1.0" encoding="UTF-8"?>
<testsuite name="TestProperties" tests="1" skipped="0" failures="0" errors="0" timestamp="2021-02-11T04:58:10" hostname="Orlovs-Air" time="0.009">
  <properties/>
  <testcase name="testPropertyWithCounter" classname="TestProperties" time="0.009"/>
  <system-out><![CDATA[]]></system-out>
  <system-err><![CDATA[]]></system-err>
</testsuite>
