<?xml version="1.0" encoding="UTF-8"?>
<testsuite name="TestInvoke" tests="2" skipped="0" failures="0" errors="0" timestamp="2021-02-08T03:53:59" hostname="Orlovs-Air" time="0.02">
  <properties/>
  <testcase name="testInvokeTwice" classname="TestInvoke" time="0.015"/>
  <testcase name="testNumberOfInvocations" classname="TestInvoke" time="0.005"/>
  <system-out><![CDATA[]]></system-out>
  <system-err><![CDATA[]]></system-err>
</testsuite>
