<?xml version="1.0" encoding="UTF-8"?>
<testsuite name="Test" tests="1" skipped="0" failures="0" errors="0" timestamp="2021-01-13T02:37:10" hostname="Orlovs-Air" time="0.057">
  <properties/>
  <testcase name="testSolution" classname="Test" time="0.057"/>
  <system-out><![CDATA[]]></system-out>
  <system-err><![CDATA[]]></system-err>
</testsuite>
