<?xml version="1.0" encoding="UTF-8"?>
<testsuite name="TestComparison" tests="2" skipped="0" failures="0" errors="0" timestamp="2021-02-08T03:22:07" hostname="Orlovs-Air" time="0.021">
  <properties/>
  <testcase name="testAfter" classname="TestComparison" time="0.018"/>
  <testcase name="testBefore" classname="TestComparison" time="0.002"/>
  <system-out><![CDATA[]]></system-out>
  <system-err><![CDATA[]]></system-err>
</testsuite>
