<?xml version="1.0" encoding="UTF-8"?>
<testsuite name="TestSum" tests="2" skipped="0" failures="0" errors="0" timestamp="2021-02-09T03:28:13" hostname="Orlovs-Air" time="0.055">
  <properties/>
  <testcase name="testGetTotalOrderPrice" classname="TestSum" time="0.053"/>
  <testcase name="testGetTotalOrderPrice1" classname="TestSum" time="0.001"/>
  <system-out><![CDATA[]]></system-out>
  <system-err><![CDATA[]]></system-err>
</testsuite>
