<?xml version="1.0" encoding="UTF-8"?>
<testsuite name="TestExtensionsOnCollections" tests="4" skipped="0" failures="0" errors="0" timestamp="2021-02-09T05:12:05" hostname="Orlovs-Air" time="0.053">
  <properties/>
  <testcase name="testSimpleCollection" classname="TestExtensionsOnCollections" time="0.044"/>
  <testcase name="testCollectionWithEmptyStrings" classname="TestExtensionsOnCollections" time="0.001"/>
  <testcase name="testCollectionWithTwoGroupsOfMaximalSize" classname="TestExtensionsOnCollections" time="0.004"/>
  <testcase name="testCollectionOfOneElement" classname="TestExtensionsOnCollections" time="0.001"/>
  <system-out><![CDATA[]]></system-out>
  <system-err><![CDATA[]]></system-err>
</testsuite>
