<?xml version="1.0" encoding="UTF-8"?>
<testsuite name="HtmlDslTest" tests="3" skipped="0" failures="0" errors="0" timestamp="2021-02-12T06:28:49" hostname="Orlovs-Air" time="0.05">
  <properties/>
  <testcase name="testSample" classname="HtmlDslTest" time="0.041"/>
  <testcase name="testTable1" classname="HtmlDslTest" time="0.003"/>
  <testcase name="testTable2" classname="HtmlDslTest" time="0.004"/>
  <system-out><![CDATA[]]></system-out>
  <system-err><![CDATA[]]></system-err>
</testsuite>
