<?xml version="1.0" encoding="UTF-8"?>
<testsuite name="TestDelegatesHowItWorks" tests="1" skipped="0" failures="0" errors="0" timestamp="2021-02-12T05:30:28" hostname="Orlovs-Air" time="0.026">
  <properties/>
  <testcase name="testDate" classname="TestDelegatesHowItWorks" time="0.026"/>
  <system-out><![CDATA[]]></system-out>
  <system-err><![CDATA[]]></system-err>
</testsuite>
