<?xml version="1.0" encoding="UTF-8"?>
<testsuite name="TestLambdas" tests="2" skipped="0" failures="0" errors="0" timestamp="2021-01-13T03:26:00" hostname="Orlovs-Air" time="0.034">
  <properties/>
  <testcase name="contains" classname="TestLambdas" time="0.033"/>
  <testcase name="notContains" classname="TestLambdas" time="0.0"/>
  <system-out><![CDATA[]]></system-out>
  <system-err><![CDATA[]]></system-err>
</testsuite>
