<?xml version="1.0" encoding="UTF-8"?>
<testsuite name="TestForLoop" tests="2" skipped="0" failures="0" errors="0" timestamp="2021-01-15T08:01:09" hostname="Orlovs-Air" time="0.037">
  <properties/>
  <testcase name="testIterateOverDateRange" classname="TestForLoop" time="0.033"/>
  <testcase name="testIterateOverEmptyRange" classname="TestForLoop" time="0.003"/>
  <system-out><![CDATA[]]></system-out>
  <system-err><![CDATA[]]></system-err>
</testsuite>
