<?xml version="1.0" encoding="UTF-8"?>
<testsuite name="TestBuildersHowItWorks" tests="1" skipped="0" failures="0" errors="0" timestamp="2021-02-12T06:21:13" hostname="Orlovs-Air" time="0.031">
  <properties/>
  <testcase name="testBuildersQuiz" classname="TestBuildersHowItWorks" time="0.031"/>
  <system-out><![CDATA[]]></system-out>
  <system-err><![CDATA[]]></system-err>
</testsuite>
